# JRE version: OpenJDK Runtime Environment (11.0.11+9) (build 11.0.11+9-b60-7590822)
# Java VM: OpenJDK 64-Bit Server VM (11.0.11+9-b60-7590822, mixed mode, tiered, compressed oops, g1 gc, windows-amd64)
Heap:
 garbage-first heap   total 187392K, used 89529K [0x0000000080000000, 0x0000000100000000)
  region size 1024K, 47 young (48128K), 7 survivors (7168K)
 Metaspace       used 67727K, capacity 69353K, committed 69452K, reserved 1110016K
  class space    used 8652K, capacity 9251K, committed 9292K, reserved 1048576K
GC Heap History (20 events):
Event: 2.546 GC heap before
{Heap before GC invocations=2 (full 0):
 garbage-first heap   total 129024K, used 30435K [0x0000000080000000, 0x0000000100000000)
  region size 1024K, 23 young (23552K), 1 survivors (1024K)
 Metaspace       used 10729K, capacity 10943K, committed 11264K, reserved 1058816K
  class space    used 1123K, capacity 1206K, committed 1280K, reserved 1048576K
}
Event: 2.550 GC heap after
{Heap after GC invocations=3 (full 0):
 garbage-first heap   total 129024K, used 9673K [0x0000000080000000, 0x0000000100000000)
  region size 1024K, 2 young (2048K), 2 survivors (2048K)
 Metaspace       used 10729K, capacity 10943K, committed 11264K, reserved 1058816K
  class space    used 1123K, capacity 1206K, committed 1280K, reserved 1048576K
}
Event: 3.473 GC heap before
{Heap before GC invocations=3 (full 0):
 garbage-first heap   total 129024K, used 44489K [0x0000000080000000, 0x0000000100000000)
  region size 1024K, 35 young (35840K), 2 survivors (2048K)
 Metaspace       used 12178K, capacity 12489K, committed 12800K, reserved 1060864K
  class space    used 1345K, capacity 1444K, committed 1536K, reserved 1048576K
}
Event: 3.482 GC heap after
{Heap after GC invocations=4 (full 0):
 garbage-first heap   total 129024K, used 14202K [0x0000000080000000, 0x0000000100000000)
  region size 1024K, 5 young (5120K), 5 survivors (5120K)
 Metaspace       used 12178K, capacity 12489K, committed 12800K, reserved 1060864K
  class space    used 1345K, capacity 1444K, committed 1536K, reserved 1048576K
}
Event: 6.820 GC heap before
{Heap before GC invocations=4 (full 0):
 garbage-first heap   total 129024K, used 58234K [0x0000000080000000, 0x0000000100000000)
  region size 1024K, 50 young (51200K), 5 survivors (5120K)
 Metaspace       used 20629K, capacity 21122K, committed 21248K, reserved 1067008K
  class space    used 2522K, capacity 2720K, committed 2816K, reserved 1048576K
}
Event: 6.835 GC heap after
{Heap after GC invocations=5 (full 0):
 garbage-first heap   total 129024K, used 17149K [0x0000000080000000, 0x0000000100000000)
  region size 1024K, 3 young (3072K), 3 survivors (3072K)
 Metaspace       used 20629K, capacity 21122K, committed 21248K, reserved 1067008K
  class space    used 2522K, capacity 2720K, committed 2816K, reserved 1048576K
}
Event: 8.238 GC heap before
{Heap before GC invocations=6 (full 0):
 garbage-first heap   total 129024K, used 71421K [0x0000000080000000, 0x0000000100000000)
  region size 1024K, 56 young (57344K), 3 survivors (3072K)
 Metaspace       used 25947K, capacity 26521K, committed 26752K, reserved 1073152K
  class space    used 3400K, capacity 3631K, committed 3712K, reserved 1048576K
}
Event: 8.248 GC heap after
{Heap after GC invocations=7 (full 0):
 garbage-first heap   total 129024K, used 19039K [0x0000000080000000, 0x0000000100000000)
  region size 1024K, 5 young (5120K), 5 survivors (5120K)
 Metaspace       used 25947K, capacity 26521K, committed 26752K, reserved 1073152K
  class space    used 3400K, capacity 3631K, committed 3712K, reserved 1048576K
}
Event: 10.402 GC heap before
{Heap before GC invocations=7 (full 0):
 garbage-first heap   total 129024K, used 74335K [0x0000000080000000, 0x0000000100000000)
  region size 1024K, 60 young (61440K), 5 survivors (5120K)
 Metaspace       used 35062K, capacity 35834K, committed 35840K, reserved 1081344K
  class space    used 4542K, capacity 4864K, committed 4864K, reserved 1048576K
}
Event: 10.423 GC heap after
{Heap after GC invocations=8 (full 0):
 garbage-first heap   total 129024K, used 22504K [0x0000000080000000, 0x0000000100000000)
  region size 1024K, 8 young (8192K), 8 survivors (8192K)
 Metaspace       used 35062K, capacity 35834K, committed 35840K, reserved 1081344K
  class space    used 4542K, capacity 4864K, committed 4864K, reserved 1048576K
}
Event: 13.938 GC heap before
{Heap before GC invocations=9 (full 0):
 garbage-first heap   total 129024K, used 93160K [0x0000000080000000, 0x0000000100000000)
  region size 1024K, 75 young (76800K), 8 survivors (8192K)
 Metaspace       used 40056K, capacity 41009K, committed 41164K, reserved 1085440K
  class space    used 5143K, capacity 5494K, committed 5580K, reserved 1048576K
}
Event: 13.967 GC heap after
{Heap after GC invocations=10 (full 0):
 garbage-first heap   total 155648K, used 27722K [0x0000000080000000, 0x0000000100000000)
  region size 1024K, 9 young (9216K), 9 survivors (9216K)
 Metaspace       used 40056K, capacity 41009K, committed 41164K, reserved 1085440K
  class space    used 5143K, capacity 5494K, committed 5580K, reserved 1048576K
}
Event: 17.982 GC heap before
{Heap before GC invocations=10 (full 0):
 garbage-first heap   total 155648K, used 103498K [0x0000000080000000, 0x0000000100000000)
  region size 1024K, 83 young (84992K), 9 survivors (9216K)
 Metaspace       used 46468K, capacity 47632K, committed 47948K, reserved 1091584K
  class space    used 5951K, capacity 6397K, committed 6476K, reserved 1048576K
}
Event: 18.004 GC heap after
{Heap after GC invocations=11 (full 0):
 garbage-first heap   total 155648K, used 30169K [0x0000000080000000, 0x0000000100000000)
  region size 1024K, 8 young (8192K), 8 survivors (8192K)
 Metaspace       used 46468K, capacity 47632K, committed 47948K, reserved 1091584K
  class space    used 5951K, capacity 6397K, committed 6476K, reserved 1048576K
}
Event: 21.657 GC heap before
{Heap before GC invocations=11 (full 0):
 garbage-first heap   total 155648K, used 117209K [0x0000000080000000, 0x0000000100000000)
  region size 1024K, 90 young (92160K), 8 survivors (8192K)
 Metaspace       used 55132K, capacity 56504K, committed 56652K, reserved 1097728K
  class space    used 6981K, capacity 7461K, committed 7500K, reserved 1048576K
}
Event: 21.682 GC heap after
{Heap after GC invocations=12 (full 0):
 garbage-first heap   total 155648K, used 43490K [0x0000000080000000, 0x0000000100000000)
  region size 1024K, 12 young (12288K), 12 survivors (12288K)
 Metaspace       used 55132K, capacity 56504K, committed 56652K, reserved 1097728K
  class space    used 6981K, capacity 7461K, committed 7500K, reserved 1048576K
}
Event: 23.073 GC heap before
{Heap before GC invocations=12 (full 0):
 garbage-first heap   total 155648K, used 63970K [0x0000000080000000, 0x0000000100000000)
  region size 1024K, 33 young (33792K), 12 survivors (12288K)
 Metaspace       used 58704K, capacity 60135K, committed 60236K, reserved 1101824K
  class space    used 7409K, capacity 7942K, committed 8012K, reserved 1048576K
}
Event: 23.109 GC heap after
{Heap after GC invocations=13 (full 0):
 garbage-first heap   total 155648K, used 44871K [0x0000000080000000, 0x0000000100000000)
  region size 1024K, 2 young (2048K), 2 survivors (2048K)
 Metaspace       used 58704K, capacity 60135K, committed 60236K, reserved 1101824K
  class space    used 7409K, capacity 7942K, committed 8012K, reserved 1048576K
}
Event: 26.484 GC heap before
{Heap before GC invocations=14 (full 0):
 garbage-first heap   total 155648K, used 109383K [0x0000000080000000, 0x0000000100000000)
  region size 1024K, 65 young (66560K), 2 survivors (2048K)
 Metaspace       used 64294K, capacity 65820K, committed 66124K, reserved 1105920K
  class space    used 8133K, capacity 8692K, committed 8780K, reserved 1048576K
}
Event: 26.518 GC heap after
{Heap after GC invocations=15 (full 0):
 garbage-first heap   total 187392K, used 49593K [0x0000000080000000, 0x0000000100000000)
  region size 1024K, 7 young (7168K), 7 survivors (7168K)
 Metaspace       used 64294K, capacity 65820K, committed 66124K, reserved 1105920K
  class space    used 8133K, capacity 8692K, committed 8780K, reserved 1048576K
}

